<?xml version="1.0" encoding="UTF-8"?>
<!-- Generated by org.testng.reporters.JUnitReportReporter -->
<testsuite hostname="ajay-PC" name="Scenario_Component.Scenario_Search" tests="4" failures="0" timestamp="15 May 2018 05:51:09 GMT" time="53.402" errors="0">
  <testcase name="testValidSearch" time="14.139" classname="Scenario_Component.Scenario_Search"/>
  <testcase name="testValidSearch" time="13.128" classname="Scenario_Component.Scenario_Search"/>
  <testcase name="testValidSearch" time="13.082" classname="Scenario_Component.Scenario_Search"/>
  <testcase name="testInvalidSearch" time="13.053" classname="Scenario_Component.Scenario_Search"/>
</testsuite> <!-- Scenario_Component.Scenario_Search -->
