<?xml version="1.0" encoding="UTF-8"?>
<!-- Generated by org.testng.reporters.JUnitReportReporter -->
<testsuite hostname="ajay-PC" name="Testing.Driver_add" tests="6" failures="0" timestamp="9 May 2018 05:44:57 GMT" time="34.350" errors="0">
  <testcase name="testadd" time="0.001" classname="Testing.Driver_add"/>
  <testcase name="testadd" time="3.137" classname="Testing.Driver_add"/>
  <testcase name="testadd" time="0.000" classname="Testing.Driver_add"/>
  <testcase name="testadd" time="31.208" classname="Testing.Driver_add"/>
  <testcase name="testadd" time="0.004" classname="Testing.Driver_add"/>
  <testcase name="testadd" time="0.000" classname="Testing.Driver_add"/>
</testsuite> <!-- Testing.Driver_add -->
